<?xml version="1.0" encoding="UTF-8"?>
<testsuite name="com.wony.book.springboot.web.HelloControllerTest" tests="2" skipped="0" failures="0" errors="0" timestamp="2020-01-11T04:22:22" hostname="Hyewons-MacBook-Pro.local" time="0.301">
  <properties/>
  <testcase name="hello_is_return" classname="com.wony.book.springboot.web.HelloControllerTest" time="0.25"/>
  <testcase name="helloDto_is_return" classname="com.wony.book.springboot.web.HelloControllerTest" time="0.05"/>
  <system-out><![CDATA[23:22:20.223 [Test worker] DEBUG org.springframework.test.context.junit4.SpringJUnit4ClassRunner - SpringJUnit4ClassRunner constructor called with [class com.wony.book.springboot.web.HelloControllerTest]
23:22:20.232 [Test worker] DEBUG org.springframework.test.context.BootstrapUtils - Instantiating CacheAwareContextLoaderDelegate from class [org.springframework.test.context.cache.DefaultCacheAwareContextLoaderDelegate]
23:22:20.239 [Test worker] DEBUG org.springframework.test.context.BootstrapUtils - Instantiating BootstrapContext using constructor [public org.springframework.test.context.support.DefaultBootstrapContext(java.lang.Class,org.springframework.test.context.CacheAwareContextLoaderDelegate)]
23:22:20.253 [Test worker] DEBUG org.springframework.test.context.BootstrapUtils - Instantiating TestContextBootstrapper for test class [com.wony.book.springboot.web.HelloControllerTest] from class [org.springframework.boot.test.autoconfigure.web.servlet.WebMvcTestContextBootstrapper]
23:22:20.268 [Test worker] INFO org.springframework.boot.test.autoconfigure.web.servlet.WebMvcTestContextBootstrapper - Neither @ContextConfiguration nor @ContextHierarchy found for test class [com.wony.book.springboot.web.HelloControllerTest], using SpringBootContextLoader
23:22:20.270 [Test worker] DEBUG org.springframework.test.context.support.AbstractContextLoader - Did not detect default resource location for test class [com.wony.book.springboot.web.HelloControllerTest]: class path resource [com/wony/book/springboot/web/HelloControllerTest-context.xml] does not exist
23:22:20.271 [Test worker] DEBUG org.springframework.test.context.support.AbstractContextLoader - Did not detect default resource location for test class [com.wony.book.springboot.web.HelloControllerTest]: class path resource [com/wony/book/springboot/web/HelloControllerTestContext.groovy] does not exist
23:22:20.272 [Test worker] INFO org.springframework.test.context.support.AbstractContextLoader - Could not detect default resource locations for test class [com.wony.book.springboot.web.HelloControllerTest]: no resource found for suffixes {-context.xml, Context.groovy}.
23:22:20.272 [Test worker] INFO org.springframework.test.context.support.AnnotationConfigContextLoaderUtils - Could not detect default configuration classes for test class [com.wony.book.springboot.web.HelloControllerTest]: HelloControllerTest does not declare any static, non-private, non-final, nested classes annotated with @Configuration.
23:22:20.326 [Test worker] DEBUG org.springframework.test.context.support.ActiveProfilesUtils - Could not find an 'annotation declaring class' for annotation type [org.springframework.test.context.ActiveProfiles] and class [com.wony.book.springboot.web.HelloControllerTest]
23:22:20.383 [Test worker] DEBUG org.springframework.context.annotation.ClassPathScanningCandidateComponentProvider - Identified candidate component class: file [/Users/hyewon/projects/java/freelec-springboot2-webservice/build/classes/java/main/com/wony/book/springboot/Application.class]
23:22:20.383 [Test worker] INFO org.springframework.boot.test.context.SpringBootTestContextBootstrapper - Found @SpringBootConfiguration com.wony.book.springboot.Application for test class com.wony.book.springboot.web.HelloControllerTest
23:22:20.384 [Test worker] DEBUG org.springframework.boot.test.autoconfigure.web.servlet.WebMvcTestContextBootstrapper - @TestExecutionListeners is not present for class [com.wony.book.springboot.web.HelloControllerTest]: using defaults.
23:22:20.385 [Test worker] INFO org.springframework.boot.test.autoconfigure.web.servlet.WebMvcTestContextBootstrapper - Loaded default TestExecutionListener class names from location [META-INF/spring.factories]: [org.springframework.security.test.context.support.WithSecurityContextTestExecutionListener, org.springframework.security.test.context.support.ReactorContextTestExecutionListener, org.springframework.boot.test.autoconfigure.restdocs.RestDocsTestExecutionListener, org.springframework.boot.test.autoconfigure.web.client.MockRestServiceServerResetTestExecutionListener, org.springframework.boot.test.autoconfigure.web.servlet.MockMvcPrintOnlyOnFailureTestExecutionListener, org.springframework.boot.test.autoconfigure.web.servlet.WebDriverTestExecutionListener, org.springframework.boot.test.mock.mockito.MockitoTestExecutionListener, org.springframework.boot.test.mock.mockito.ResetMocksTestExecutionListener, org.springframework.test.context.web.ServletTestExecutionListener, org.springframework.test.context.support.DirtiesContextBeforeModesTestExecutionListener, org.springframework.test.context.support.DependencyInjectionTestExecutionListener, org.springframework.test.context.support.DirtiesContextTestExecutionListener, org.springframework.test.context.transaction.TransactionalTestExecutionListener, org.springframework.test.context.jdbc.SqlScriptsTestExecutionListener]
23:22:20.397 [Test worker] INFO org.springframework.boot.test.autoconfigure.web.servlet.WebMvcTestContextBootstrapper - Using TestExecutionListeners: [org.springframework.test.context.web.ServletTestExecutionListener@253ab229, org.springframework.test.context.support.DirtiesContextBeforeModesTestExecutionListener@7efaa987, org.springframework.boot.test.mock.mockito.MockitoTestExecutionListener@3b661de5, org.springframework.boot.test.autoconfigure.SpringBootDependencyInjectionTestExecutionListener@a17e5, org.springframework.test.context.support.DirtiesContextTestExecutionListener@70d15637, org.springframework.test.context.transaction.TransactionalTestExecutionListener@5b4c6f3b, org.springframework.test.context.jdbc.SqlScriptsTestExecutionListener@504ec882, org.springframework.security.test.context.support.WithSecurityContextTestExecutionListener@2b4851, org.springframework.security.test.context.support.ReactorContextTestExecutionListener@7a31d68d, org.springframework.boot.test.autoconfigure.restdocs.RestDocsTestExecutionListener@42bc4b47, org.springframework.boot.test.autoconfigure.web.client.MockRestServiceServerResetTestExecutionListener@6490914a, org.springframework.boot.test.autoconfigure.web.servlet.MockMvcPrintOnlyOnFailureTestExecutionListener@3e233449, org.springframework.boot.test.autoconfigure.web.servlet.WebDriverTestExecutionListener@4ad218be, org.springframework.boot.test.mock.mockito.ResetMocksTestExecutionListener@6a9494d0]
23:22:20.400 [Test worker] DEBUG org.springframework.test.annotation.ProfileValueUtils - Retrieved @ProfileValueSourceConfiguration [null] for test class [com.wony.book.springboot.web.HelloControllerTest]
23:22:20.400 [Test worker] DEBUG org.springframework.test.annotation.ProfileValueUtils - Retrieved ProfileValueSource type [class org.springframework.test.annotation.SystemProfileValueSource] for class [com.wony.book.springboot.web.HelloControllerTest]
23:22:20.401 [Test worker] DEBUG org.springframework.test.annotation.ProfileValueUtils - Retrieved @ProfileValueSourceConfiguration [null] for test class [com.wony.book.springboot.web.HelloControllerTest]
23:22:20.401 [Test worker] DEBUG org.springframework.test.annotation.ProfileValueUtils - Retrieved ProfileValueSource type [class org.springframework.test.annotation.SystemProfileValueSource] for class [com.wony.book.springboot.web.HelloControllerTest]
23:22:20.404 [Test worker] DEBUG org.springframework.test.context.support.AbstractDirtiesContextTestExecutionListener - Before test class: context [DefaultTestContext@587e56fd testClass = HelloControllerTest, testInstance = [null], testMethod = [null], testException = [null], mergedContextConfiguration = [WebMergedContextConfiguration@2b6b5803 testClass = HelloControllerTest, locations = '{}', classes = '{class com.wony.book.springboot.Application}', contextInitializerClasses = '[]', activeProfiles = '{}', propertySourceLocations = '{}', propertySourceProperties = '{org.springframework.boot.test.autoconfigure.web.servlet.WebMvcTestContextBootstrapper=true}', contextCustomizers = set[org.springframework.boot.test.autoconfigure.OverrideAutoConfigurationContextCustomizerFactory$DisableAutoConfigurationContextCustomizer@846f1bd, org.springframework.boot.test.autoconfigure.filter.TypeExcludeFiltersContextCustomizer@2b1de96, org.springframework.boot.test.autoconfigure.properties.PropertyMappingContextCustomizer@aeca322a, org.springframework.boot.test.autoconfigure.web.servlet.WebDriverContextCustomizerFactory$Customizer@26103343, [ImportsContextCustomizer@9dbe929 key = [org.springframework.boot.autoconfigure.cache.CacheAutoConfiguration, org.springframework.boot.autoconfigure.context.MessageSourceAutoConfiguration, org.springframework.boot.autoconfigure.data.web.SpringDataWebAutoConfiguration, org.springframework.boot.autoconfigure.freemarker.FreeMarkerAutoConfiguration, org.springframework.boot.autoconfigure.groovy.template.GroovyTemplateAutoConfiguration, org.springframework.boot.autoconfigure.gson.GsonAutoConfiguration, org.springframework.boot.autoconfigure.hateoas.HypermediaAutoConfiguration, org.springframework.boot.autoconfigure.http.HttpMessageConvertersAutoConfiguration, org.springframework.boot.autoconfigure.jackson.JacksonAutoConfiguration, org.springframework.boot.autoconfigure.jsonb.JsonbAutoConfiguration, org.springframework.boot.autoconfigure.mustache.MustacheAutoConfiguration, org.springframework.boot.autoconfigure.task.TaskExecutionAutoConfiguration, org.springframework.boot.autoconfigure.thymeleaf.ThymeleafAutoConfiguration, org.springframework.boot.autoconfigure.validation.ValidationAutoConfiguration, org.springframework.boot.autoconfigure.web.servlet.error.ErrorMvcAutoConfiguration, org.springframework.boot.autoconfigure.web.servlet.WebMvcAutoConfiguration, org.springframework.boot.test.autoconfigure.web.servlet.MockMvcAutoConfiguration, org.springframework.boot.test.autoconfigure.web.servlet.MockMvcSecurityAutoConfiguration, org.springframework.boot.test.autoconfigure.web.servlet.MockMvcWebClientAutoConfiguration, org.springframework.boot.test.autoconfigure.web.servlet.MockMvcWebDriverAutoConfiguration]], org.springframework.boot.test.context.filter.ExcludeFilterContextCustomizer@29e19818, org.springframework.boot.test.json.DuplicateJsonObjectContextCustomizerFactory$DuplicateJsonObjectContextCustomizer@766bf6cc, org.springframework.boot.test.mock.mockito.MockitoContextCustomizer@0], resourceBasePath = 'src/main/webapp', contextLoader = 'org.springframework.boot.test.context.SpringBootContextLoader', parent = [null]], attributes = map[[empty]]], class annotated with @DirtiesContext [false] with mode [null].
23:22:20.405 [Test worker] DEBUG org.springframework.test.annotation.ProfileValueUtils - Retrieved @ProfileValueSourceConfiguration [null] for test class [com.wony.book.springboot.web.HelloControllerTest]
23:22:20.405 [Test worker] DEBUG org.springframework.test.annotation.ProfileValueUtils - Retrieved ProfileValueSource type [class org.springframework.test.annotation.SystemProfileValueSource] for class [com.wony.book.springboot.web.HelloControllerTest]
23:22:20.408 [Test worker] DEBUG org.springframework.test.context.support.DependencyInjectionTestExecutionListener - Performing dependency injection for test context [[DefaultTestContext@587e56fd testClass = HelloControllerTest, testInstance = com.wony.book.springboot.web.HelloControllerTest@63d9f707, testMethod = [null], testException = [null], mergedContextConfiguration = [WebMergedContextConfiguration@2b6b5803 testClass = HelloControllerTest, locations = '{}', classes = '{class com.wony.book.springboot.Application}', contextInitializerClasses = '[]', activeProfiles = '{}', propertySourceLocations = '{}', propertySourceProperties = '{org.springframework.boot.test.autoconfigure.web.servlet.WebMvcTestContextBootstrapper=true}', contextCustomizers = set[org.springframework.boot.test.autoconfigure.OverrideAutoConfigurationContextCustomizerFactory$DisableAutoConfigurationContextCustomizer@846f1bd, org.springframework.boot.test.autoconfigure.filter.TypeExcludeFiltersContextCustomizer@2b1de96, org.springframework.boot.test.autoconfigure.properties.PropertyMappingContextCustomizer@aeca322a, org.springframework.boot.test.autoconfigure.web.servlet.WebDriverContextCustomizerFactory$Customizer@26103343, [ImportsContextCustomizer@9dbe929 key = [org.springframework.boot.autoconfigure.cache.CacheAutoConfiguration, org.springframework.boot.autoconfigure.context.MessageSourceAutoConfiguration, org.springframework.boot.autoconfigure.data.web.SpringDataWebAutoConfiguration, org.springframework.boot.autoconfigure.freemarker.FreeMarkerAutoConfiguration, org.springframework.boot.autoconfigure.groovy.template.GroovyTemplateAutoConfiguration, org.springframework.boot.autoconfigure.gson.GsonAutoConfiguration, org.springframework.boot.autoconfigure.hateoas.HypermediaAutoConfiguration, org.springframework.boot.autoconfigure.http.HttpMessageConvertersAutoConfiguration, org.springframework.boot.autoconfigure.jackson.JacksonAutoConfiguration, org.springframework.boot.autoconfigure.jsonb.JsonbAutoConfiguration, org.springframework.boot.autoconfigure.mustache.MustacheAutoConfiguration, org.springframework.boot.autoconfigure.task.TaskExecutionAutoConfiguration, org.springframework.boot.autoconfigure.thymeleaf.ThymeleafAutoConfiguration, org.springframework.boot.autoconfigure.validation.ValidationAutoConfiguration, org.springframework.boot.autoconfigure.web.servlet.error.ErrorMvcAutoConfiguration, org.springframework.boot.autoconfigure.web.servlet.WebMvcAutoConfiguration, org.springframework.boot.test.autoconfigure.web.servlet.MockMvcAutoConfiguration, org.springframework.boot.test.autoconfigure.web.servlet.MockMvcSecurityAutoConfiguration, org.springframework.boot.test.autoconfigure.web.servlet.MockMvcWebClientAutoConfiguration, org.springframework.boot.test.autoconfigure.web.servlet.MockMvcWebDriverAutoConfiguration]], org.springframework.boot.test.context.filter.ExcludeFilterContextCustomizer@29e19818, org.springframework.boot.test.json.DuplicateJsonObjectContextCustomizerFactory$DuplicateJsonObjectContextCustomizer@766bf6cc, org.springframework.boot.test.mock.mockito.MockitoContextCustomizer@0], resourceBasePath = 'src/main/webapp', contextLoader = 'org.springframework.boot.test.context.SpringBootContextLoader', parent = [null]], attributes = map[[empty]]]].
23:22:20.483 [Test worker] DEBUG org.springframework.test.context.support.TestPropertySourceUtils - Adding inlined properties to environment: {spring.jmx.enabled=false, org.springframework.boot.test.autoconfigure.web.servlet.WebMvcTestContextBootstrapper=true, server.port=-1}

  .   ____          _            __ _ _
 /\\ / ___'_ __ _ _(_)_ __  __ _ \ \ \ \
( ( )\___ | '_ | '_| | '_ \/ _` | \ \ \ \
 \\/  ___)| |_)| | | | | || (_| |  ) ) ) )
  '  |____| .__|_| |_|_| |_\__, | / / / /
 =========|_|==============|___/=/_/_/_/
 :: Spring Boot ::        (v2.1.7.RELEASE)

2020-01-10 23:22:20.899  INFO 21093 --- [    Test worker] c.w.b.s.web.HelloControllerTest          : Starting HelloControllerTest on Hyewons-MacBook-Pro.local with PID 21093 (started by hyewon in /Users/hyewon/projects/java/freelec-springboot2-webservice)
2020-01-10 23:22:20.899  INFO 21093 --- [    Test worker] c.w.b.s.web.HelloControllerTest          : The following profiles are active: oauth
2020-01-10 23:22:21.786  INFO 21093 --- [    Test worker] o.s.s.concurrent.ThreadPoolTaskExecutor  : Initializing ExecutorService 'applicationTaskExecutor'
2020-01-10 23:22:21.847  INFO 21093 --- [    Test worker] o.s.b.a.w.s.WelcomePageHandlerMapping    : Adding welcome page template: index
2020-01-10 23:22:22.042  INFO 21093 --- [    Test worker] .s.s.UserDetailsServiceAutoConfiguration : 

Using generated security password: 2cbab993-0a01-42be-924c-8d9854cb906d

2020-01-10 23:22:22.153  INFO 21093 --- [    Test worker] o.s.s.web.DefaultSecurityFilterChain     : Creating filter chain: any request, [org.springframework.security.web.context.request.async.WebAsyncManagerIntegrationFilter@164ce149, org.springframework.security.web.context.SecurityContextPersistenceFilter@52e599b0, org.springframework.security.web.header.HeaderWriterFilter@2c931b2a, org.springframework.security.web.csrf.CsrfFilter@3f18a80c, org.springframework.security.web.authentication.logout.LogoutFilter@24164c8e, org.springframework.security.web.authentication.UsernamePasswordAuthenticationFilter@383706d2, org.springframework.security.web.authentication.ui.DefaultLoginPageGeneratingFilter@204b9c4b, org.springframework.security.web.authentication.ui.DefaultLogoutPageGeneratingFilter@6a715b8f, org.springframework.security.web.authentication.www.BasicAuthenticationFilter@10bc077e, org.springframework.security.web.savedrequest.RequestCacheAwareFilter@5cc0e084, org.springframework.security.web.servletapi.SecurityContextHolderAwareRequestFilter@d98697d, org.springframework.security.web.authentication.AnonymousAuthenticationFilter@5d5e02b3, org.springframework.security.web.session.SessionManagementFilter@36f329fc, org.springframework.security.web.access.ExceptionTranslationFilter@68ec46ec, org.springframework.security.web.access.intercept.FilterSecurityInterceptor@2f0e935a]
2020-01-10 23:22:22.179  INFO 21093 --- [    Test worker] o.s.b.t.m.w.SpringBootMockServletContext : Initializing Spring TestDispatcherServlet ''
2020-01-10 23:22:22.179  INFO 21093 --- [    Test worker] o.s.t.web.servlet.TestDispatcherServlet  : Initializing Servlet ''
2020-01-10 23:22:22.187  INFO 21093 --- [    Test worker] o.s.t.web.servlet.TestDispatcherServlet  : Completed initialization in 8 ms
2020-01-10 23:22:22.218  INFO 21093 --- [    Test worker] c.w.b.s.web.HelloControllerTest          : Started HelloControllerTest in 1.728 seconds (JVM running for 2.547)
]]></system-out>
  <system-err><![CDATA[]]></system-err>
</testsuite>
