<?xml version="1.0" encoding="UTF-8"?>
<testsuite name="com.wony.book.springboot.domain.posts.PostsRepositoryTest" tests="2" skipped="0" failures="0" errors="0" timestamp="2020-01-11T04:22:26" hostname="Hyewons-MacBook-Pro.local" time="0.019">
  <properties/>
  <testcase name="BaseTimeEntity_create" classname="com.wony.book.springboot.domain.posts.PostsRepositoryTest" time="0.013"/>
  <testcase name="call_posts" classname="com.wony.book.springboot.domain.posts.PostsRepositoryTest" time="0.005"/>
  <system-out><![CDATA[2020-01-10 23:22:25.683  INFO 21093 --- [    Test worker] .b.t.c.SpringBootTestContextBootstrapper : Neither @ContextConfiguration nor @ContextHierarchy found for test class [com.wony.book.springboot.domain.posts.PostsRepositoryTest], using SpringBootContextLoader
2020-01-10 23:22:25.684  INFO 21093 --- [    Test worker] o.s.t.c.support.AbstractContextLoader    : Could not detect default resource locations for test class [com.wony.book.springboot.domain.posts.PostsRepositoryTest]: no resource found for suffixes {-context.xml, Context.groovy}.
2020-01-10 23:22:25.684  INFO 21093 --- [    Test worker] t.c.s.AnnotationConfigContextLoaderUtils : Could not detect default configuration classes for test class [com.wony.book.springboot.domain.posts.PostsRepositoryTest]: PostsRepositoryTest does not declare any static, non-private, non-final, nested classes annotated with @Configuration.
2020-01-10 23:22:25.688  INFO 21093 --- [    Test worker] .b.t.c.SpringBootTestContextBootstrapper : Found @SpringBootConfiguration com.wony.book.springboot.Application for test class com.wony.book.springboot.domain.posts.PostsRepositoryTest
2020-01-10 23:22:25.689  INFO 21093 --- [    Test worker] .b.t.c.SpringBootTestContextBootstrapper : Loaded default TestExecutionListener class names from location [META-INF/spring.factories]: [org.springframework.security.test.context.support.WithSecurityContextTestExecutionListener, org.springframework.security.test.context.support.ReactorContextTestExecutionListener, org.springframework.boot.test.autoconfigure.restdocs.RestDocsTestExecutionListener, org.springframework.boot.test.autoconfigure.web.client.MockRestServiceServerResetTestExecutionListener, org.springframework.boot.test.autoconfigure.web.servlet.MockMvcPrintOnlyOnFailureTestExecutionListener, org.springframework.boot.test.autoconfigure.web.servlet.WebDriverTestExecutionListener, org.springframework.boot.test.mock.mockito.MockitoTestExecutionListener, org.springframework.boot.test.mock.mockito.ResetMocksTestExecutionListener, org.springframework.test.context.web.ServletTestExecutionListener, org.springframework.test.context.support.DirtiesContextBeforeModesTestExecutionListener, org.springframework.test.context.support.DependencyInjectionTestExecutionListener, org.springframework.test.context.support.DirtiesContextTestExecutionListener, org.springframework.test.context.transaction.TransactionalTestExecutionListener, org.springframework.test.context.jdbc.SqlScriptsTestExecutionListener]
2020-01-10 23:22:25.689  INFO 21093 --- [    Test worker] .b.t.c.SpringBootTestContextBootstrapper : Using TestExecutionListeners: [org.springframework.test.context.web.ServletTestExecutionListener@4774ded8, org.springframework.test.context.support.DirtiesContextBeforeModesTestExecutionListener@53a2ac71, org.springframework.boot.test.mock.mockito.MockitoTestExecutionListener@4d5d544b, org.springframework.boot.test.autoconfigure.SpringBootDependencyInjectionTestExecutionListener@463d2ca3, org.springframework.test.context.support.DirtiesContextTestExecutionListener@275ea8a2, org.springframework.test.context.transaction.TransactionalTestExecutionListener@6159491c, org.springframework.test.context.jdbc.SqlScriptsTestExecutionListener@4681a670, org.springframework.security.test.context.support.WithSecurityContextTestExecutionListener@69f6d237, org.springframework.security.test.context.support.ReactorContextTestExecutionListener@3b3f6c13, org.springframework.boot.test.autoconfigure.restdocs.RestDocsTestExecutionListener@1005d3c1, org.springframework.boot.test.autoconfigure.web.client.MockRestServiceServerResetTestExecutionListener@5b7c4597, org.springframework.boot.test.autoconfigure.web.servlet.MockMvcPrintOnlyOnFailureTestExecutionListener@44453a5, org.springframework.boot.test.autoconfigure.web.servlet.WebDriverTestExecutionListener@44dbe8ca, org.springframework.boot.test.mock.mockito.ResetMocksTestExecutionListener@7a7ea04b]

  .   ____          _            __ _ _
 /\\ / ___'_ __ _ _(_)_ __  __ _ \ \ \ \
( ( )\___ | '_ | '_| | '_ \/ _` | \ \ \ \
 \\/  ___)| |_)| | | | | || (_| |  ) ) ) )
  '  |____| .__|_| |_|_| |_\__, | / / / /
 =========|_|==============|___/=/_/_/_/
 :: Spring Boot ::        (v2.1.7.RELEASE)

2020-01-10 23:22:25.703  INFO 21093 --- [    Test worker] c.w.b.s.d.posts.PostsRepositoryTest      : Starting PostsRepositoryTest on Hyewons-MacBook-Pro.local with PID 21093 (started by hyewon in /Users/hyewon/projects/java/freelec-springboot2-webservice)
2020-01-10 23:22:25.703  INFO 21093 --- [    Test worker] c.w.b.s.d.posts.PostsRepositoryTest      : The following profiles are active: oauth
2020-01-10 23:22:25.811  INFO 21093 --- [    Test worker] .s.d.r.c.RepositoryConfigurationDelegate : Bootstrapping Spring Data repositories in DEFAULT mode.
2020-01-10 23:22:25.821  INFO 21093 --- [    Test worker] .s.d.r.c.RepositoryConfigurationDelegate : Finished Spring Data repository scanning in 10ms. Found 2 repository interfaces.
2020-01-10 23:22:25.880  INFO 21093 --- [    Test worker] trationDelegate$BeanPostProcessorChecker : Bean 'org.springframework.transaction.annotation.ProxyTransactionManagementConfiguration' of type [org.springframework.transaction.annotation.ProxyTransactionManagementConfiguration$$EnhancerBySpringCGLIB$$c61f3f7f] is not eligible for getting processed by all BeanPostProcessors (for example: not eligible for auto-proxying)
2020-01-10 23:22:25.928  INFO 21093 --- [    Test worker] com.zaxxer.hikari.HikariDataSource       : HikariPool-2 - Starting...
2020-01-10 23:22:25.929  INFO 21093 --- [    Test worker] com.zaxxer.hikari.HikariDataSource       : HikariPool-2 - Start completed.
2020-01-10 23:22:25.942  INFO 21093 --- [    Test worker] o.hibernate.jpa.internal.util.LogHelper  : HHH000204: Processing PersistenceUnitInfo [
	name: default
	...]
2020-01-10 23:22:25.946  INFO 21093 --- [    Test worker] org.hibernate.dialect.Dialect            : HHH000400: Using dialect: org.hibernate.dialect.MySQL5InnoDBDialect
Hibernate: drop table if exists posts
Hibernate: drop table if exists user
Hibernate: create table posts (id bigint not null auto_increment, created_date datetime, modified_date datetime, author varchar(255), content TEXT not null, title varchar(500) not null, primary key (id)) engine=InnoDB
Hibernate: create table user (id bigint not null auto_increment, created_date datetime, modified_date datetime, email varchar(255) not null, name varchar(255) not null, picture varchar(255), role varchar(255) not null, primary key (id)) engine=InnoDB
2020-01-10 23:22:25.975  INFO 21093 --- [    Test worker] o.h.t.schema.internal.SchemaCreatorImpl  : HHH000476: Executing import script 'org.hibernate.tool.schema.internal.exec.ScriptSourceInputNonExistentImpl@5393c0e7'
2020-01-10 23:22:25.976  INFO 21093 --- [    Test worker] j.LocalContainerEntityManagerFactoryBean : Initialized JPA EntityManagerFactory for persistence unit 'default'
2020-01-10 23:22:26.076  INFO 21093 --- [    Test worker] o.h.h.i.QueryTranslatorFactoryInitiator  : HHH000397: Using ASTQueryTranslatorFactory
2020-01-10 23:22:26.146  INFO 21093 --- [    Test worker] o.s.s.web.DefaultSecurityFilterChain     : Creating filter chain: any request, [org.springframework.security.web.context.request.async.WebAsyncManagerIntegrationFilter@6f8e2fca, org.springframework.security.web.context.SecurityContextPersistenceFilter@571aa80, org.springframework.security.web.header.HeaderWriterFilter@1592efd, org.springframework.security.web.authentication.logout.LogoutFilter@6520f123, org.springframework.security.oauth2.client.web.OAuth2AuthorizationRequestRedirectFilter@55165a60, org.springframework.security.oauth2.client.web.OAuth2LoginAuthenticationFilter@655519a0, org.springframework.security.web.authentication.ui.DefaultLoginPageGeneratingFilter@6d0d73a8, org.springframework.security.web.authentication.ui.DefaultLogoutPageGeneratingFilter@62fc405, org.springframework.security.web.savedrequest.RequestCacheAwareFilter@42c7fde7, org.springframework.security.web.servletapi.SecurityContextHolderAwareRequestFilter@a211d84, org.springframework.security.web.authentication.AnonymousAuthenticationFilter@618d5bfa, org.springframework.security.web.session.SessionManagementFilter@d6d54dc, org.springframework.security.web.access.ExceptionTranslationFilter@7106ceff, org.springframework.security.web.access.intercept.FilterSecurityInterceptor@cbcbe80]
2020-01-10 23:22:26.288  INFO 21093 --- [    Test worker] o.s.s.concurrent.ThreadPoolTaskExecutor  : Initializing ExecutorService 'applicationTaskExecutor'
2020-01-10 23:22:26.295  WARN 21093 --- [    Test worker] aWebConfiguration$JpaWebMvcConfiguration : spring.jpa.open-in-view is enabled by default. Therefore, database queries may be performed during view rendering. Explicitly configure spring.jpa.open-in-view to disable this warning
2020-01-10 23:22:26.310  INFO 21093 --- [    Test worker] o.s.b.a.w.s.WelcomePageHandlerMapping    : Adding welcome page template: index
2020-01-10 23:22:26.513  INFO 21093 --- [    Test worker] s.a.ScheduledAnnotationBeanPostProcessor : No TaskScheduler/ScheduledExecutorService bean found for scheduled processing
2020-01-10 23:22:26.514  INFO 21093 --- [    Test worker] c.w.b.s.d.posts.PostsRepositoryTest      : Started PostsRepositoryTest in 0.824 seconds (JVM running for 6.844)
Hibernate: insert into posts (created_date, modified_date, author, content, title) values (?, ?, ?, ?, ?)
Hibernate: select posts0_.id as id1_0_, posts0_.created_date as created_2_0_, posts0_.modified_date as modified3_0_, posts0_.author as author4_0_, posts0_.content as content5_0_, posts0_.title as title6_0_ from posts posts0_
>>>>>>>>> createDate=2020-01-10T23:22:26.522734, modifiedDate=2020-01-10T23:22:26.522734
Hibernate: select posts0_.id as id1_0_, posts0_.created_date as created_2_0_, posts0_.modified_date as modified3_0_, posts0_.author as author4_0_, posts0_.content as content5_0_, posts0_.title as title6_0_ from posts posts0_
Hibernate: delete from posts where id=?
Hibernate: insert into posts (created_date, modified_date, author, content, title) values (?, ?, ?, ?, ?)
Hibernate: select posts0_.id as id1_0_, posts0_.created_date as created_2_0_, posts0_.modified_date as modified3_0_, posts0_.author as author4_0_, posts0_.content as content5_0_, posts0_.title as title6_0_ from posts posts0_
Hibernate: select posts0_.id as id1_0_, posts0_.created_date as created_2_0_, posts0_.modified_date as modified3_0_, posts0_.author as author4_0_, posts0_.content as content5_0_, posts0_.title as title6_0_ from posts posts0_
Hibernate: delete from posts where id=?
]]></system-out>
  <system-err><![CDATA[]]></system-err>
</testsuite>
