<?xml version="1.0" encoding="UTF-8"?>
<testsuite name="com.wony.book.springboot.web.PostsApiControllerTest" tests="2" skipped="0" failures="0" errors="0" timestamp="2020-01-11T04:22:25" hostname="Hyewons-MacBook-Pro.local" time="0.135">
  <properties/>
  <testcase name="Posts_create" classname="com.wony.book.springboot.web.PostsApiControllerTest" time="0.112"/>
  <testcase name="Posts_update" classname="com.wony.book.springboot.web.PostsApiControllerTest" time="0.023"/>
  <system-out><![CDATA[2020-01-10 23:22:25.542  INFO 21093 --- [    Test worker] .b.t.c.SpringBootTestContextBootstrapper : Neither @ContextConfiguration nor @ContextHierarchy found for test class [com.wony.book.springboot.web.PostsApiControllerTest], using SpringBootContextLoader
2020-01-10 23:22:25.542  INFO 21093 --- [    Test worker] o.s.t.c.support.AbstractContextLoader    : Could not detect default resource locations for test class [com.wony.book.springboot.web.PostsApiControllerTest]: no resource found for suffixes {-context.xml, Context.groovy}.
2020-01-10 23:22:25.542  INFO 21093 --- [    Test worker] t.c.s.AnnotationConfigContextLoaderUtils : Could not detect default configuration classes for test class [com.wony.book.springboot.web.PostsApiControllerTest]: PostsApiControllerTest does not declare any static, non-private, non-final, nested classes annotated with @Configuration.
2020-01-10 23:22:25.543  INFO 21093 --- [    Test worker] .b.t.c.SpringBootTestContextBootstrapper : Found @SpringBootConfiguration com.wony.book.springboot.Application for test class com.wony.book.springboot.web.PostsApiControllerTest
2020-01-10 23:22:25.544  INFO 21093 --- [    Test worker] .b.t.c.SpringBootTestContextBootstrapper : Loaded default TestExecutionListener class names from location [META-INF/spring.factories]: [org.springframework.security.test.context.support.WithSecurityContextTestExecutionListener, org.springframework.security.test.context.support.ReactorContextTestExecutionListener, org.springframework.boot.test.autoconfigure.restdocs.RestDocsTestExecutionListener, org.springframework.boot.test.autoconfigure.web.client.MockRestServiceServerResetTestExecutionListener, org.springframework.boot.test.autoconfigure.web.servlet.MockMvcPrintOnlyOnFailureTestExecutionListener, org.springframework.boot.test.autoconfigure.web.servlet.WebDriverTestExecutionListener, org.springframework.boot.test.mock.mockito.MockitoTestExecutionListener, org.springframework.boot.test.mock.mockito.ResetMocksTestExecutionListener, org.springframework.test.context.web.ServletTestExecutionListener, org.springframework.test.context.support.DirtiesContextBeforeModesTestExecutionListener, org.springframework.test.context.support.DependencyInjectionTestExecutionListener, org.springframework.test.context.support.DirtiesContextTestExecutionListener, org.springframework.test.context.transaction.TransactionalTestExecutionListener, org.springframework.test.context.jdbc.SqlScriptsTestExecutionListener]
2020-01-10 23:22:25.544  INFO 21093 --- [    Test worker] .b.t.c.SpringBootTestContextBootstrapper : Using TestExecutionListeners: [org.springframework.test.context.web.ServletTestExecutionListener@62bcbe13, org.springframework.test.context.support.DirtiesContextBeforeModesTestExecutionListener@3c77e19a, org.springframework.boot.test.mock.mockito.MockitoTestExecutionListener@1ba18f75, org.springframework.boot.test.autoconfigure.SpringBootDependencyInjectionTestExecutionListener@6ff7470e, org.springframework.test.context.support.DirtiesContextTestExecutionListener@683c30c5, org.springframework.test.context.transaction.TransactionalTestExecutionListener@6b447769, org.springframework.test.context.jdbc.SqlScriptsTestExecutionListener@7c898753, org.springframework.security.test.context.support.WithSecurityContextTestExecutionListener@291370fb, org.springframework.security.test.context.support.ReactorContextTestExecutionListener@2020d704, org.springframework.boot.test.autoconfigure.restdocs.RestDocsTestExecutionListener@68970356, org.springframework.boot.test.autoconfigure.web.client.MockRestServiceServerResetTestExecutionListener@5814b208, org.springframework.boot.test.autoconfigure.web.servlet.MockMvcPrintOnlyOnFailureTestExecutionListener@6a329559, org.springframework.boot.test.autoconfigure.web.servlet.WebDriverTestExecutionListener@4c0cf7ec, org.springframework.boot.test.mock.mockito.ResetMocksTestExecutionListener@1cd1d088]
2020-01-10 23:22:25.549  INFO 21093 --- [    Test worker] o.a.c.c.C.[Tomcat].[localhost].[/]       : Initializing Spring TestDispatcherServlet ''
2020-01-10 23:22:25.549  INFO 21093 --- [    Test worker] o.s.t.web.servlet.TestDispatcherServlet  : Initializing Servlet ''
2020-01-10 23:22:25.551  INFO 21093 --- [    Test worker] o.s.t.web.servlet.TestDispatcherServlet  : Completed initialization in 2 ms
Hibernate: insert into posts (created_date, modified_date, author, content, title) values (?, ?, ?, ?, ?)
Hibernate: select posts0_.id as id1_0_, posts0_.created_date as created_2_0_, posts0_.modified_date as modified3_0_, posts0_.author as author4_0_, posts0_.content as content5_0_, posts0_.title as title6_0_ from posts posts0_
Hibernate: select posts0_.id as id1_0_, posts0_.created_date as created_2_0_, posts0_.modified_date as modified3_0_, posts0_.author as author4_0_, posts0_.content as content5_0_, posts0_.title as title6_0_ from posts posts0_
Hibernate: delete from posts where id=?
2020-01-10 23:22:25.661  INFO 21093 --- [    Test worker] o.a.c.c.C.[Tomcat].[localhost].[/]       : Initializing Spring TestDispatcherServlet ''
2020-01-10 23:22:25.661  INFO 21093 --- [    Test worker] o.s.t.web.servlet.TestDispatcherServlet  : Initializing Servlet ''
2020-01-10 23:22:25.663  INFO 21093 --- [    Test worker] o.s.t.web.servlet.TestDispatcherServlet  : Completed initialization in 2 ms
Hibernate: insert into posts (created_date, modified_date, author, content, title) values (?, ?, ?, ?, ?)
Hibernate: select posts0_.id as id1_0_0_, posts0_.created_date as created_2_0_0_, posts0_.modified_date as modified3_0_0_, posts0_.author as author4_0_0_, posts0_.content as content5_0_0_, posts0_.title as title6_0_0_ from posts posts0_ where posts0_.id=?
Hibernate: update posts set created_date=?, modified_date=?, author=?, content=?, title=? where id=?
Hibernate: select posts0_.id as id1_0_, posts0_.created_date as created_2_0_, posts0_.modified_date as modified3_0_, posts0_.author as author4_0_, posts0_.content as content5_0_, posts0_.title as title6_0_ from posts posts0_
Hibernate: select posts0_.id as id1_0_, posts0_.created_date as created_2_0_, posts0_.modified_date as modified3_0_, posts0_.author as author4_0_, posts0_.content as content5_0_, posts0_.title as title6_0_ from posts posts0_
Hibernate: delete from posts where id=?
]]></system-out>
  <system-err><![CDATA[]]></system-err>
</testsuite>
