<?xml version="1.0" encoding="UTF-8"?>
<testsuite name="com.wony.book.springboot.web.dto.HelloResponseDtoTest" tests="1" skipped="0" failures="0" errors="0" timestamp="2020-01-11T04:22:22" hostname="Hyewons-MacBook-Pro.local" time="0.031">
  <properties/>
  <testcase name="lombok_function_test" classname="com.wony.book.springboot.web.dto.HelloResponseDtoTest" time="0.031"/>
  <system-out><![CDATA[]]></system-out>
  <system-err><![CDATA[]]></system-err>
</testsuite>
